
-----
Test: test_buy_calc_products.py::test_buy_calc_products (call)
Start time: 2023-01-30 17:42:30.342151
Start name method: select_Calculator_category

End time: 2023-01-30 17:42:49.195932
End name method: select_Calculator_category
URL: https://www.onlinetrade.ru/catalogue/kalkulyatory-c361/

-----

-----
Test: test_buy_calc_products.py::test_buy_calc_products (call)
Start time: 2023-01-30 17:42:49.195932
Start name method: buy_Products_Calc


-----
Test: test_buy_calc_products.py::test_buy_calc_products (call)
Start time: 2023-01-30 17:42:49.212364
Start name method: select_Filters

End time: 2023-01-30 17:42:54.197861
End name method: select_Filters
URL: https://www.onlinetrade.ru/catalogue/kalkulyatory-c361/?selling[]=7&price1=279&price2=3038&advanced_search=1&preset_id=0&rating_active=0&special_active=1&selling_active=1&producer_active=1&price_active=1&tiporazmer_active=1&razryadnost_displeya_active=1&tsvet_korpusa_active=1&vichislenie_naloga_active=1&cat_id=361

-----

-----
Test: test_buy_calc_products.py::test_buy_calc_products (call)
Start time: 2023-01-30 17:42:56.658618
Start name method: select_Products_Calc_1

